{"C:\\Users\\lmass\\Desktop\\devPleno\\3-aprofundando-js\\convertMyMoney\\lib\\apiBCB.js": {"path":"C:\\Users\\lmass\\Desktop\\devPleno\\3-aprofundando-js\\convertMyMoney\\lib\\apiBCB.js","statementMap":{"0":{"start":{"line":1,"column":14},"end":{"line":1,"column":30}},"1":{"start":{"line":2,"column":15},"end":{"line":2,"column":224}},"2":{"start":{"line":2,"column":23},"end":{"line":2,"column":224}},"3":{"start":{"line":4,"column":23},"end":{"line":4,"column":44}},"4":{"start":{"line":4,"column":30},"end":{"line":4,"column":44}},"5":{"start":{"line":5,"column":24},"end":{"line":5,"column":61}},"6":{"start":{"line":5,"column":31},"end":{"line":5,"column":61}},"7":{"start":{"line":6,"column":17},"end":{"line":9,"column":1}},"8":{"start":{"line":7,"column":18},"end":{"line":7,"column":28}},"9":{"start":{"line":8,"column":4},"end":{"line":8,"column":79}},"10":{"start":{"line":10,"column":20},"end":{"line":20,"column":1}},"11":{"start":{"line":10,"column":79},"end":{"line":20,"column":1}},"12":{"start":{"line":11,"column":4},"end":{"line":19,"column":5}},"13":{"start":{"line":12,"column":22},"end":{"line":12,"column":32}},"14":{"start":{"line":13,"column":20},"end":{"line":13,"column":33}},"15":{"start":{"line":14,"column":20},"end":{"line":14,"column":45}},"16":{"start":{"line":15,"column":25},"end":{"line":15,"column":45}},"17":{"start":{"line":16,"column":8},"end":{"line":16,"column":24}},"18":{"start":{"line":18,"column":8},"end":{"line":18,"column":18}},"19":{"start":{"line":22,"column":0},"end":{"line":29,"column":1}}},"fnMap":{"0":{"name":"(anonymous_0)","decl":{"start":{"line":2,"column":15},"end":{"line":2,"column":16}},"loc":{"start":{"line":2,"column":23},"end":{"line":2,"column":224}},"line":2},"1":{"name":"(anonymous_1)","decl":{"start":{"line":4,"column":23},"end":{"line":4,"column":24}},"loc":{"start":{"line":4,"column":30},"end":{"line":4,"column":44}},"line":4},"2":{"name":"(anonymous_2)","decl":{"start":{"line":5,"column":24},"end":{"line":5,"column":25}},"loc":{"start":{"line":5,"column":31},"end":{"line":5,"column":61}},"line":5},"3":{"name":"(anonymous_3)","decl":{"start":{"line":6,"column":17},"end":{"line":6,"column":18}},"loc":{"start":{"line":6,"column":23},"end":{"line":9,"column":1}},"line":6},"4":{"name":"(anonymous_4)","decl":{"start":{"line":10,"column":20},"end":{"line":10,"column":21}},"loc":{"start":{"line":10,"column":79},"end":{"line":20,"column":1}},"line":10},"5":{"name":"(anonymous_5)","decl":{"start":{"line":10,"column":79},"end":{"line":10,"column":80}},"loc":{"start":{"line":10,"column":91},"end":{"line":20,"column":1}},"line":10}},"branchMap":{},"s":{"0":1,"1":1,"2":1,"3":1,"4":1,"5":1,"6":1,"7":1,"8":1,"9":1,"10":1,"11":3,"12":2,"13":2,"14":2,"15":2,"16":1,"17":1,"18":1,"19":1},"f":{"0":1,"1":1,"2":1,"3":1,"4":3,"5":2},"b":{},"_coverageSchema":"1a1c01bbd47fc00a2c39e90264f33305004495a9","hash":"aa373899a5d6bf5dc8f1768f23a0c8734b44aeb8"}
,"C:\\Users\\lmass\\Desktop\\devPleno\\3-aprofundando-js\\convertMyMoney\\lib\\convert.js": {"path":"C:\\Users\\lmass\\Desktop\\devPleno\\3-aprofundando-js\\convertMyMoney\\lib\\convert.js","statementMap":{"0":{"start":{"line":1,"column":16},"end":{"line":3,"column":1}},"1":{"start":{"line":2,"column":4},"end":{"line":2,"column":32}},"2":{"start":{"line":4,"column":16},"end":{"line":6,"column":1}},"3":{"start":{"line":5,"column":4},"end":{"line":5,"column":40}},"4":{"start":{"line":8,"column":0},"end":{"line":11,"column":2}}},"fnMap":{"0":{"name":"(anonymous_0)","decl":{"start":{"line":1,"column":16},"end":{"line":1,"column":17}},"loc":{"start":{"line":1,"column":41},"end":{"line":3,"column":1}},"line":1},"1":{"name":"(anonymous_1)","decl":{"start":{"line":4,"column":16},"end":{"line":4,"column":17}},"loc":{"start":{"line":4,"column":27},"end":{"line":6,"column":1}},"line":4}},"branchMap":{},"s":{"0":1,"1":2,"2":1,"3":1,"4":1},"f":{"0":2,"1":1},"b":{},"_coverageSchema":"1a1c01bbd47fc00a2c39e90264f33305004495a9","hash":"57f8ff34d0da4d8eb98314c51c84321e03aed413"}
}
